[0m[[0m[0mdebug[0m] [0m[0m> Exec(run, Some(d93ea770-2b2c-433a-a9e5-73f568030eb6), Some(CommandSource(console0)))[0m
[0m[[0m[0mdebug[0m] [0m[0mEvaluating tasks: Compile / run[0m
[0m[[0m[0mdebug[0m] [0m[0mRunning task... Cancel: Signal, check cycles: false, forcegc: true[0m
[0m[[0m[0minfo[0m] [0m[0mcompiling 4 Java sources to C:\Users\henry\source\repos\ProgrammingLanguages\chap04_scanning\target\scala-2.12\classes ...[0m
[0m[[0m[31merror[0m] [0m[0m## Exception when compiling 4 sources to C:\Users\henry\source\repos\ProgrammingLanguages\chap04_scanning\target\scala-2.12\classes[0m
[0m[[0m[31merror[0m] [0m[0mjava.lang.IllegalArgumentException: error: invalid source release: 17[0m
[0m[[0m[31merror[0m] [0m[0mjdk.compiler/com.sun.tools.javac.main.Arguments.error(Arguments.java:907)[0m
[0m[[0m[31merror[0m] [0m[0mjdk.compiler/com.sun.tools.javac.main.Arguments.doProcessArgs(Arguments.java:383)[0m
[0m[[0m[31merror[0m] [0m[0mjdk.compiler/com.sun.tools.javac.main.Arguments.processArgs(Arguments.java:347)[0m
[0m[[0m[31merror[0m] [0m[0mjdk.compiler/com.sun.tools.javac.main.Arguments.init(Arguments.java:246)[0m
[0m[[0m[31merror[0m] [0m[0mjdk.compiler/com.sun.tools.javac.api.JavacTool.getTask(JavacTool.java:185)[0m
[0m[[0m[31merror[0m] [0m[0mjdk.compiler/com.sun.tools.javac.api.JavacTool.getTask(JavacTool.java:119)[0m
[0m[[0m[31merror[0m] [0m[0mjdk.compiler/com.sun.tools.javac.api.JavacTool.getTask(JavacTool.java:68)[0m
[0m[[0m[31merror[0m] [0m[0msbt.internal.inc.javac.LocalJavaCompiler.run(LocalJava.scala:345)[0m
[0m[[0m[31merror[0m] [0m[0msbt.internal.inc.javac.AnalyzingJavaCompiler.$anonfun$compile$12(AnalyzingJavaCompiler.scala:172)[0m
[0m[[0m[31merror[0m] [0m[0mscala.runtime.java8.JFunction0$mcV$sp.apply(JFunction0$mcV$sp.java:23)[0m
[0m[[0m[31merror[0m] [0m[0msbt.internal.inc.javac.AnalyzingJavaCompiler.timed(AnalyzingJavaCompiler.scala:262)[0m
[0m[[0m[31merror[0m] [0m[0msbt.internal.inc.javac.AnalyzingJavaCompiler.compile(AnalyzingJavaCompiler.scala:161)[0m
[0m[[0m[31merror[0m] [0m[0msbt.internal.inc.MixedAnalyzingCompiler.$anonfun$compileJava$2(MixedAnalyzingCompiler.scala:103)[0m
[0m[[0m[31merror[0m] [0m[0msbt.internal.inc.MixedAnalyzingCompiler.$anonfun$compileJava$2$adapted(MixedAnalyzingCompiler.scala:91)[0m
[0m[[0m[31merror[0m] [0m[0msbt.internal.inc.JarUtils$.withPreviousJar(JarUtils.scala:239)[0m
[0m[[0m[31merror[0m] [0m[0msbt.internal.inc.MixedAnalyzingCompiler.$anonfun$compileJava$1(MixedAnalyzingCompiler.scala:91)[0m
[0m[[0m[31merror[0m] [0m[0mscala.runtime.java8.JFunction0$mcV$sp.apply(JFunction0$mcV$sp.java:23)[0m
[0m[[0m[31merror[0m] [0m[0msbt.internal.inc.MixedAnalyzingCompiler.timed(MixedAnalyzingCompiler.scala:248)[0m
[0m[[0m[31merror[0m] [0m[0msbt.internal.inc.MixedAnalyzingCompiler.compileJava(MixedAnalyzingCompiler.scala:61)[0m
[0m[[0m[31merror[0m] [0m[0msbt.internal.inc.MixedAnalyzingCompiler.compileJava0$1(MixedAnalyzingCompiler.scala:198)[0m
[0m[[0m[31merror[0m] [0m[0msbt.internal.inc.MixedAnalyzingCompiler.compile(MixedAnalyzingCompiler.scala:211)[0m
[0m[[0m[31merror[0m] [0m[0msbt.internal.inc.IncrementalCompilerImpl.$anonfun$compileInternal$1(IncrementalCompilerImpl.scala:534)[0m
[0m[[0m[31merror[0m] [0m[0msbt.internal.inc.IncrementalCompilerImpl.$anonfun$compileInternal$1$adapted(IncrementalCompilerImpl.scala:534)[0m
[0m[[0m[31merror[0m] [0m[0msbt.internal.inc.Incremental$.$anonfun$apply$5(Incremental.scala:180)[0m
[0m[[0m[31merror[0m] [0m[0msbt.internal.inc.Incremental$.$anonfun$apply$5$adapted(Incremental.scala:178)[0m
[0m[[0m[31merror[0m] [0m[0msbt.internal.inc.Incremental$$anon$2.run(Incremental.scala:464)[0m
[0m[[0m[31merror[0m] [0m[0msbt.internal.inc.IncrementalCommon$CycleState.next(IncrementalCommon.scala:116)[0m
[0m[[0m[31merror[0m] [0m[0msbt.internal.inc.IncrementalCommon$$anon$1.next(IncrementalCommon.scala:56)[0m
[0m[[0m[31merror[0m] [0m[0msbt.internal.inc.IncrementalCommon$$anon$1.next(IncrementalCommon.scala:52)[0m
[0m[[0m[31merror[0m] [0m[0msbt.internal.inc.IncrementalCommon.cycle(IncrementalCommon.scala:263)[0m
[0m[[0m[31merror[0m] [0m[0msbt.internal.inc.Incremental$.$anonfun$incrementalCompile$8(Incremental.scala:419)[0m
[0m[[0m[31merror[0m] [0m[0msbt.internal.inc.Incremental$.withClassfileManager(Incremental.scala:506)[0m
[0m[[0m[31merror[0m] [0m[0msbt.internal.inc.Incremental$.incrementalCompile(Incremental.scala:406)[0m
[0m[[0m[31merror[0m] [0m[0msbt.internal.inc.Incremental$.apply(Incremental.scala:172)[0m
[0m[[0m[31merror[0m] [0m[0msbt.internal.inc.IncrementalCompilerImpl.compileInternal(IncrementalCompilerImpl.scala:534)[0m
[0m[[0m[31merror[0m] [0m[0msbt.internal.inc.IncrementalCompilerImpl.$anonfun$compileIncrementally$1(IncrementalCompilerImpl.scala:488)[0m
[0m[[0m[31merror[0m] [0m[0msbt.internal.inc.IncrementalCompilerImpl.handleCompilationError(IncrementalCompilerImpl.scala:332)[0m
[0m[[0m[31merror[0m] [0m[0msbt.internal.inc.IncrementalCompilerImpl.compileIncrementally(IncrementalCompilerImpl.scala:425)[0m
[0m[[0m[31merror[0m] [0m[0msbt.internal.inc.IncrementalCompilerImpl.compile(IncrementalCompilerImpl.scala:137)[0m
[0m[[0m[31merror[0m] [0m[0msbt.Defaults$.compileIncrementalTaskImpl(Defaults.scala:2369)[0m
[0m[[0m[31merror[0m] [0m[0msbt.Defaults$.$anonfun$compileIncrementalTask$2(Defaults.scala:2319)[0m
[0m[[0m[31merror[0m] [0m[0msbt.internal.server.BspCompileTask$.$anonfun$compute$1(BspCompileTask.scala:31)[0m
[0m[[0m[31merror[0m] [0m[0msbt.internal.io.Retry$.apply(Retry.scala:47)[0m
[0m[[0m[31merror[0m] [0m[0msbt.internal.io.Retry$.apply(Retry.scala:29)[0m
[0m[[0m[31merror[0m] [0m[0msbt.internal.io.Retry$.apply(Retry.scala:24)[0m
[0m[[0m[31merror[0m] [0m[0msbt.internal.server.BspCompileTask$.compute(BspCompileTask.scala:31)[0m
[0m[[0m[31merror[0m] [0m[0msbt.Defaults$.$anonfun$compileIncrementalTask$1(Defaults.scala:2317)[0m
[0m[[0m[31merror[0m] [0m[0mscala.Function1.$anonfun$compose$1(Function1.scala:49)[0m
[0m[[0m[31merror[0m] [0m[0msbt.internal.util.$tilde$greater.$anonfun$$u2219$1(TypeFunctions.scala:63)[0m
[0m[[0m[31merror[0m] [0m[0msbt.std.Transform$$anon$4.work(Transform.scala:69)[0m
[0m[[0m[31merror[0m] [0m[0msbt.Execute.$anonfun$submit$2(Execute.scala:283)[0m
[0m[[0m[31merror[0m] [0m[0msbt.internal.util.ErrorHandling$.wideConvert(ErrorHandling.scala:24)[0m
[0m[[0m[31merror[0m] [0m[0msbt.Execute.work(Execute.scala:292)[0m
[0m[[0m[31merror[0m] [0m[0msbt.Execute.$anonfun$submit$1(Execute.scala:283)[0m
[0m[[0m[31merror[0m] [0m[0msbt.ConcurrentRestrictions$$anon$4.$anonfun$submitValid$1(ConcurrentRestrictions.scala:265)[0m
[0m[[0m[31merror[0m] [0m[0msbt.CompletionService$$anon$2.call(CompletionService.scala:65)[0m
[0m[[0m[31merror[0m] [0m[0mjava.base/java.util.concurrent.FutureTask.run(FutureTask.java:264)[0m
[0m[[0m[31merror[0m] [0m[0mjava.base/java.util.concurrent.Executors$RunnableAdapter.call(Executors.java:515)[0m
[0m[[0m[31merror[0m] [0m[0mjava.base/java.util.concurrent.FutureTask.run(FutureTask.java:264)[0m
[0m[[0m[31merror[0m] [0m[0mjava.base/java.util.concurrent.ThreadPoolExecutor.runWorker(ThreadPoolExecutor.java:1128)[0m
[0m[[0m[31merror[0m] [0m[0mjava.base/java.util.concurrent.ThreadPoolExecutor$Worker.run(ThreadPoolExecutor.java:628)[0m
[0m[[0m[31merror[0m] [0m[0mjava.base/java.lang.Thread.run(Thread.java:829)[0m
[0m[[0m[31merror[0m] [0m[0m           [0m
[0m[[0m[31merror[0m] [0m[0mjava.lang.IllegalArgumentException: error: invalid source release: 17[0m
[0m[[0m[31merror[0m] [0m[0m	at jdk.compiler/com.sun.tools.javac.main.Arguments.error(Arguments.java:907)[0m
[0m[[0m[31merror[0m] [0m[0m	at jdk.compiler/com.sun.tools.javac.main.Arguments.doProcessArgs(Arguments.java:383)[0m
[0m[[0m[31merror[0m] [0m[0m	at jdk.compiler/com.sun.tools.javac.main.Arguments.processArgs(Arguments.java:347)[0m
[0m[[0m[31merror[0m] [0m[0m	at jdk.compiler/com.sun.tools.javac.main.Arguments.init(Arguments.java:246)[0m
[0m[[0m[31merror[0m] [0m[0m	at jdk.compiler/com.sun.tools.javac.api.JavacTool.getTask(JavacTool.java:185)[0m
[0m[[0m[31merror[0m] [0m[0m	at jdk.compiler/com.sun.tools.javac.api.JavacTool.getTask(JavacTool.java:119)[0m
[0m[[0m[31merror[0m] [0m[0m	at jdk.compiler/com.sun.tools.javac.api.JavacTool.getTask(JavacTool.java:68)[0m
[0m[[0m[31merror[0m] [0m[0m	at sbt.internal.inc.javac.LocalJavaCompiler.run(LocalJava.scala:345)[0m
[0m[[0m[31merror[0m] [0m[0m	at sbt.internal.inc.javac.AnalyzingJavaCompiler.$anonfun$compile$12(AnalyzingJavaCompiler.scala:172)[0m
[0m[[0m[31merror[0m] [0m[0m	at scala.runtime.java8.JFunction0$mcV$sp.apply(JFunction0$mcV$sp.java:23)[0m
[0m[[0m[31merror[0m] [0m[0m	at sbt.internal.inc.javac.AnalyzingJavaCompiler.timed(AnalyzingJavaCompiler.scala:262)[0m
[0m[[0m[31merror[0m] [0m[0m	at sbt.internal.inc.javac.AnalyzingJavaCompiler.compile(AnalyzingJavaCompiler.scala:161)[0m
[0m[[0m[31merror[0m] [0m[0m	at sbt.internal.inc.MixedAnalyzingCompiler.$anonfun$compileJava$2(MixedAnalyzingCompiler.scala:103)[0m
[0m[[0m[31merror[0m] [0m[0m	at sbt.internal.inc.MixedAnalyzingCompiler.$anonfun$compileJava$2$adapted(MixedAnalyzingCompiler.scala:91)[0m
[0m[[0m[31merror[0m] [0m[0m	at sbt.internal.inc.JarUtils$.withPreviousJar(JarUtils.scala:239)[0m
[0m[[0m[31merror[0m] [0m[0m	at sbt.internal.inc.MixedAnalyzingCompiler.$anonfun$compileJava$1(MixedAnalyzingCompiler.scala:91)[0m
[0m[[0m[31merror[0m] [0m[0m	at scala.runtime.java8.JFunction0$mcV$sp.apply(JFunction0$mcV$sp.java:23)[0m
[0m[[0m[31merror[0m] [0m[0m	at sbt.internal.inc.MixedAnalyzingCompiler.timed(MixedAnalyzingCompiler.scala:248)[0m
[0m[[0m[31merror[0m] [0m[0m	at sbt.internal.inc.MixedAnalyzingCompiler.compileJava(MixedAnalyzingCompiler.scala:61)[0m
[0m[[0m[31merror[0m] [0m[0m	at sbt.internal.inc.MixedAnalyzingCompiler.compileJava0$1(MixedAnalyzingCompiler.scala:198)[0m
[0m[[0m[31merror[0m] [0m[0m	at sbt.internal.inc.MixedAnalyzingCompiler.compile(MixedAnalyzingCompiler.scala:211)[0m
[0m[[0m[31merror[0m] [0m[0m	at sbt.internal.inc.IncrementalCompilerImpl.$anonfun$compileInternal$1(IncrementalCompilerImpl.scala:534)[0m
[0m[[0m[31merror[0m] [0m[0m	at sbt.internal.inc.IncrementalCompilerImpl.$anonfun$compileInternal$1$adapted(IncrementalCompilerImpl.scala:534)[0m
[0m[[0m[31merror[0m] [0m[0m	at sbt.internal.inc.Incremental$.$anonfun$apply$5(Incremental.scala:180)[0m
[0m[[0m[31merror[0m] [0m[0m	at sbt.internal.inc.Incremental$.$anonfun$apply$5$adapted(Incremental.scala:178)[0m
[0m[[0m[31merror[0m] [0m[0m	at sbt.internal.inc.Incremental$$anon$2.run(Incremental.scala:464)[0m
[0m[[0m[31merror[0m] [0m[0m	at sbt.internal.inc.IncrementalCommon$CycleState.next(IncrementalCommon.scala:116)[0m
[0m[[0m[31merror[0m] [0m[0m	at sbt.internal.inc.IncrementalCommon$$anon$1.next(IncrementalCommon.scala:56)[0m
[0m[[0m[31merror[0m] [0m[0m	at sbt.internal.inc.IncrementalCommon$$anon$1.next(IncrementalCommon.scala:52)[0m
[0m[[0m[31merror[0m] [0m[0m	at sbt.internal.inc.IncrementalCommon.cycle(IncrementalCommon.scala:263)[0m
[0m[[0m[31merror[0m] [0m[0m	at sbt.internal.inc.Incremental$.$anonfun$incrementalCompile$8(Incremental.scala:419)[0m
[0m[[0m[31merror[0m] [0m[0m	at sbt.internal.inc.Incremental$.withClassfileManager(Incremental.scala:506)[0m
[0m[[0m[31merror[0m] [0m[0m	at sbt.internal.inc.Incremental$.incrementalCompile(Incremental.scala:406)[0m
[0m[[0m[31merror[0m] [0m[0m	at sbt.internal.inc.Incremental$.apply(Incremental.scala:172)[0m
[0m[[0m[31merror[0m] [0m[0m	at sbt.internal.inc.IncrementalCompilerImpl.compileInternal(IncrementalCompilerImpl.scala:534)[0m
[0m[[0m[31merror[0m] [0m[0m	at sbt.internal.inc.IncrementalCompilerImpl.$anonfun$compileIncrementally$1(IncrementalCompilerImpl.scala:488)[0m
[0m[[0m[31merror[0m] [0m[0m	at sbt.internal.inc.IncrementalCompilerImpl.handleCompilationError(IncrementalCompilerImpl.scala:332)[0m
[0m[[0m[31merror[0m] [0m[0m	at sbt.internal.inc.IncrementalCompilerImpl.compileIncrementally(IncrementalCompilerImpl.scala:425)[0m
[0m[[0m[31merror[0m] [0m[0m	at sbt.internal.inc.IncrementalCompilerImpl.compile(IncrementalCompilerImpl.scala:137)[0m
[0m[[0m[31merror[0m] [0m[0m	at sbt.Defaults$.compileIncrementalTaskImpl(Defaults.scala:2369)[0m
[0m[[0m[31merror[0m] [0m[0m	at sbt.Defaults$.$anonfun$compileIncrementalTask$2(Defaults.scala:2319)[0m
[0m[[0m[31merror[0m] [0m[0m	at sbt.internal.server.BspCompileTask$.$anonfun$compute$1(BspCompileTask.scala:31)[0m
[0m[[0m[31merror[0m] [0m[0m	at sbt.internal.io.Retry$.apply(Retry.scala:47)[0m
[0m[[0m[31merror[0m] [0m[0m	at sbt.internal.io.Retry$.apply(Retry.scala:29)[0m
[0m[[0m[31merror[0m] [0m[0m	at sbt.internal.io.Retry$.apply(Retry.scala:24)[0m
[0m[[0m[31merror[0m] [0m[0m	at sbt.internal.server.BspCompileTask$.compute(BspCompileTask.scala:31)[0m
[0m[[0m[31merror[0m] [0m[0m	at sbt.Defaults$.$anonfun$compileIncrementalTask$1(Defaults.scala:2317)[0m
[0m[[0m[31merror[0m] [0m[0m	at scala.Function1.$anonfun$compose$1(Function1.scala:49)[0m
[0m[[0m[31merror[0m] [0m[0m	at sbt.internal.util.$tilde$greater.$anonfun$$u2219$1(TypeFunctions.scala:63)[0m
[0m[[0m[31merror[0m] [0m[0m	at sbt.std.Transform$$anon$4.work(Transform.scala:69)[0m
[0m[[0m[31merror[0m] [0m[0m	at sbt.Execute.$anonfun$submit$2(Execute.scala:283)[0m
[0m[[0m[31merror[0m] [0m[0m	at sbt.internal.util.ErrorHandling$.wideConvert(ErrorHandling.scala:24)[0m
[0m[[0m[31merror[0m] [0m[0m	at sbt.Execute.work(Execute.scala:292)[0m
[0m[[0m[31merror[0m] [0m[0m	at sbt.Execute.$anonfun$submit$1(Execute.scala:283)[0m
[0m[[0m[31merror[0m] [0m[0m	at sbt.ConcurrentRestrictions$$anon$4.$anonfun$submitValid$1(ConcurrentRestrictions.scala:265)[0m
[0m[[0m[31merror[0m] [0m[0m	at sbt.CompletionService$$anon$2.call(CompletionService.scala:65)[0m
[0m[[0m[31merror[0m] [0m[0m	at java.base/java.util.concurrent.FutureTask.run(FutureTask.java:264)[0m
[0m[[0m[31merror[0m] [0m[0m	at java.base/java.util.concurrent.Executors$RunnableAdapter.call(Executors.java:515)[0m
[0m[[0m[31merror[0m] [0m[0m	at java.base/java.util.concurrent.FutureTask.run(FutureTask.java:264)[0m
[0m[[0m[31merror[0m] [0m[0m	at java.base/java.util.concurrent.ThreadPoolExecutor.runWorker(ThreadPoolExecutor.java:1128)[0m
[0m[[0m[31merror[0m] [0m[0m	at java.base/java.util.concurrent.ThreadPoolExecutor$Worker.run(ThreadPoolExecutor.java:628)[0m
[0m[[0m[31merror[0m] [0m[0m	at java.base/java.lang.Thread.run(Thread.java:829)[0m
[0m[[0m[31merror[0m] [0m[0m(Compile / [31mcompileIncremental[0m) java.lang.IllegalArgumentException: error: invalid source release: 17[0m
[0m[[0m[31merror[0m] [0m[0mTotal time: 0 s, completed Sep 14, 2023, 12:26:38 AM[0m
[0m[[0m[0mdebug[0m] [0m[0m> Exec(shell, None, None)[0m
